score matrix:
                 G     G     T     A     A     C     A     A     A     G     T     T     C     T     C     T     A     A     A
           0    -7   -10   -13   -16   -19   -22   -25   -28   -31   -34   -37   -40   -43   -46   -49   -52   -55   -58   -61
     A    -7    -5   -12   -15    -5    -8   -15   -14   -17   -20   -27   -30   -33   -36   -39   -42   -45   -44   -47   -50
     A   -10   -12   -10   -17    -7     3    -4    -7    -6    -9   -16   -19   -22   -25   -28   -31   -34   -37   -36   -39
     A   -13   -15   -17   -15    -9     1    -2     4     1     2    -5    -8   -11   -14   -17   -20   -23   -26   -29   -28
     G   -16    -5    -7   -14   -16    -6    -4    -3    -1    -4    10     3     0    -3    -6    -9   -12   -15   -18   -21
     T   -19   -12   -10     1    -6    -9   -11    -6    -8    -6     3    18    11     8     5     2    -1    -4    -7   -10
     T   -22   -15   -17    -2    -4   -11   -14    -9   -11   -11     0    11    26    19    16    13    10     7     4     1
     C   -25   -18   -20    -9    -7    -9    -3   -10   -13   -14    -3     8    19    34    27    24    21    18    15    12
     T   -28   -21   -23   -12   -14   -12   -10    -8   -15   -17    -6     5    16    27    42    35    32    29    26    23
     C   -31   -24   -26   -15   -17   -19    -4   -11   -13   -17    -9     2    13    24    35    50    43    40    37    34
     T   -34   -27   -29   -18   -20   -22   -11    -9   -16   -18   -12    -1    10    21    32    43    58    51    48    45
     A   -37   -30   -32   -21   -10   -12   -14    -3    -1    -8   -11    -4     7    18    29    40    51    66    59    56
     A   -40   -33   -35   -24   -13    -2    -9    -6     5     7     0    -3     4    15    26    37    48    59    74    67
     A   -43   -36   -38   -27   -16    -5    -7    -1     2    13     6     3     1    12    23    34    45    56    67    82
     C   -46   -39   -41   -30   -23   -12     3    -4    -5     6     8     1    -2     9    20    31    42    53    64    75
     G   -49   -38   -31   -33   -26   -15    -4    -2    -8     3    14     7     4     6    17    28    39    50    61    72
     A   -52   -45   -38   -36   -25   -18    -7     4     6     0     7     9     2     3    14    25    36    47    58    69
     A   -55   -48   -41   -39   -28   -17   -10     1    12    14     7     4     4     0    11    22    33    44    55    66
     C   -58   -51   -44   -42   -35   -24    -9    -6     5     7     9     2    -1    12     8    19    30    41    52    63
     T   -61   -54   -47   -36   -38   -27   -16    -9     2     4     2    17    10     7    20    16    27    38    49    60
trace matrix:
                 G     G     T     A     A     C     A     A     A     G     T     T     C     T     C     T     A     A     A
           0     D     D     D     D     D     D     D     D     D     D     D     D     D     D     D     D     D     D     D
     A     I     M     M     M     M     M     D     M     M     M     D     D     D     D     D     D     D     M     M     M
     A     I     M     M     M     M     M     D     M     M     M     D     D     D     D     D     D     D     M     M     M
     A     I     M     M     M     M     M     M     M     M     M     D     D     D     D     D     D     D     M     M     M
     G     I     M     M     D     I     I     M     I     M     M     M     D     D     D     D     D     D     D     D     D
     T     I     I     M     M     D     I     M     I     M     M     I     M     M     D     M     D     M     D     D     D
     T     I     I     M     M     M     M     M     I     M     I     I     M     M     D     M     D     M     D     D     D
     C     I     I     M     I     M     M     M     D     D     I     I     I     I     M     D     M     D     D     D     D
     T     I     I     M     M     M     M     I     M     M     I     I     M     M     I     M     D     M     D     D     D
     C     I     I     M     I     M     M     M     D     M     D     I     I     I     M     I     M     D     D     D     D
     T     I     I     M     M     M     M     I     M     M     M     I     M     M     I     M     I     M     D     D     D
     A     I     I     M     I     M     M     I     M     M     M     D     I     I     I     I     I     I     M     M     M
     A     I     I     M     I     M     M     D     M     M     M     D     D     I     I     I     I     I     M     M     M
     A     I     I     M     I     M     M     M     M     M     M     D     D     I     I     I     I     I     M     M     M
     C     I     I     M     I     I     I     M     D     I     I     M     M     M     M     I     M     I     I     I     I
     G     I     M     M     I     I     I     I     M     I     I     M     D     D     I     I     I     I     I     I     I
     A     I     I     I     M     M     M     I     M     M     M     I     M     M     I     I     I     I     M     M     M
     A     I     I     I     I     M     M     I     M     M     M     D     D     M     I     I     I     I     M     M     M
     C     I     I     I     I     I     I     M     I     I     M     M     M     M     M     I     M     I     I     I     I
     T     I     I     I     M     I     I     I     I     I     I     M     M     M     D     M     I     M     I     I     I
alignment ref: AAGTTCTCTA-----AA-
alignment qry: AAGTTCTCTAAACGAACT
